<?xml version="1.0" encoding="UTF-8"?>
<testng-results skipped="0" failed="0" total="1" passed="1">
  <reporter-output>
  </reporter-output>
  <suite name="com.itc7.KaprekarTest" duration-ms="26" started-at="2016-04-26T07:50:20Z" finished-at="2016-04-26T07:50:20Z">
    <groups>
      <group name="positiv">
        <method signature="KaprekarTest.testForToDigit()[pri:0, instance:com.itc7.KaprekarTest@16216b3]" name="testForToDigit" class="com.itc7.KaprekarTest"/>
      </group> <!-- positiv -->
    </groups>
    <test name="Command line test" duration-ms="26" started-at="2016-04-26T07:50:20Z" finished-at="2016-04-26T07:50:20Z">
      <class name="com.itc7.KaprekarTest">
        <test-method status="PASS" signature="setUp()[pri:0, instance:com.itc7.KaprekarTest@16216b3]" name="setUp" is-config="true" duration-ms="11" started-at="2016-04-26T11:50:20Z" finished-at="2016-04-26T11:50:20Z">
          <reporter-output>
          </reporter-output>
        </test-method> <!-- setUp -->
        <test-method status="PASS" signature="testForToDigit()[pri:0, instance:com.itc7.KaprekarTest@16216b3]" name="testForToDigit" duration-ms="3" started-at="2016-04-26T11:50:20Z" finished-at="2016-04-26T11:50:20Z">
          <reporter-output>
          </reporter-output>
        </test-method> <!-- testForToDigit -->
      </class> <!-- com.itc7.KaprekarTest -->
    </test> <!-- Command line test -->
  </suite> <!-- com.itc7.KaprekarTest -->
</testng-results>
