<?xml version="1.0" encoding="UTF-8"?>
<testng-results skipped="0" failed="0" total="2" passed="2">
  <reporter-output>
  </reporter-output>
  <suite name="TestNgMavenExampleSuite" duration-ms="77" started-at="2016-04-25T18:41:19Z" finished-at="2016-04-25T18:41:19Z">
    <groups>
      <group name="maxFunc">
        <method signature="AppTest.maxNumTest()[pri:0, instance:com.itc7.AppTest@1b0375b3]" name="maxNumTest" class="com.itc7.AppTest"/>
      </group> <!-- maxFunc -->
      <group name="minFunc">
        <method signature="AppTest.minNumTest()[pri:0, instance:com.itc7.AppTest@1b0375b3]" name="minNumTest" class="com.itc7.AppTest"/>
      </group> <!-- minFunc -->
      <group name="positive">
        <method signature="AppTest.maxNumTest()[pri:0, instance:com.itc7.AppTest@1b0375b3]" name="maxNumTest" class="com.itc7.AppTest"/>
        <method signature="AppTest.minNumTest()[pri:0, instance:com.itc7.AppTest@1b0375b3]" name="minNumTest" class="com.itc7.AppTest"/>
      </group> <!-- positive -->
    </groups>
    <test name="TestNgMavenTest" duration-ms="77" started-at="2016-04-25T18:41:19Z" finished-at="2016-04-25T18:41:19Z">
      <class name="com.itc7.AppTest">
        <test-method status="PASS" signature="setUp()[pri:0, instance:com.itc7.AppTest@1b0375b3]" name="setUp" is-config="true" duration-ms="29" started-at="2016-04-25T22:41:19Z" finished-at="2016-04-25T22:41:19Z">
          <reporter-output>
          </reporter-output>
        </test-method> <!-- setUp -->
        <test-method status="PASS" signature="maxNumTest()[pri:0, instance:com.itc7.AppTest@1b0375b3]" name="maxNumTest" duration-ms="8" started-at="2016-04-25T22:41:19Z" finished-at="2016-04-25T22:41:19Z">
          <reporter-output>
          </reporter-output>
        </test-method> <!-- maxNumTest -->
        <test-method status="PASS" signature="minNumTest()[pri:0, instance:com.itc7.AppTest@1b0375b3]" name="minNumTest" duration-ms="1" started-at="2016-04-25T22:41:19Z" finished-at="2016-04-25T22:41:19Z">
          <reporter-output>
          </reporter-output>
        </test-method> <!-- minNumTest -->
      </class> <!-- com.itc7.AppTest -->
    </test> <!-- TestNgMavenTest -->
  </suite> <!-- TestNgMavenExampleSuite -->
</testng-results>
