<?xml version="1.0" encoding="UTF-8"?>
<!-- Generated by org.testng.reporters.JUnitXMLReporter -->
<testsuite hostname="jan-Aspire-ES1-512" name="Positive" tests="6" failures="0" timestamp="25 Apr 2016 18:07:55 GMT" time="0.072" errors="0">
  <testcase name="allZeroTest" time="0.008" classname="com.itc7.kaprekar.AppTest"/>
  <testcase name="emptyTest" time="0.002" classname="com.itc7.kaprekar.AppTest"/>
  <testcase name="firstZeroTest" time="0.001" classname="com.itc7.kaprekar.AppTest"/>
  <testcase name="goodNumbersTest" time="0.001" classname="com.itc7.kaprekar.AppTest"/>
  <testcase name="largeNumberTest" time="0.001" classname="com.itc7.kaprekar.AppTest"/>
  <testcase name="minusNumbersTest" time="0.002" classname="com.itc7.kaprekar.AppTest"/>
</testsuite> <!-- Positive -->
