<?xml version="1.0" encoding="UTF-8"?>
<testng-results skipped="0" failed="0" total="1" passed="1">
  <reporter-output>
  </reporter-output>
  <suite name="OurTest" duration-ms="21" started-at="2016-04-25T13:37:21Z" finished-at="2016-04-25T13:37:21Z">
    <groups>
      <group name="positive">
        <method signature="AppTest.positiveTest()[pri:0, instance:com.itc7.kaprekar.AppTest@66d33a]" name="positiveTest" class="com.itc7.kaprekar.AppTest"/>
      </group> <!-- positive -->
    </groups>
    <test name="Positive" duration-ms="21" started-at="2016-04-25T13:37:21Z" finished-at="2016-04-25T13:37:21Z">
      <class name="com.itc7.kaprekar.AppTest">
        <test-method status="PASS" signature="positiveTest()[pri:0, instance:com.itc7.kaprekar.AppTest@66d33a]" name="positiveTest" duration-ms="7" started-at="2016-04-25T17:37:21Z" finished-at="2016-04-25T17:37:21Z">
          <reporter-output>
          </reporter-output>
        </test-method> <!-- positiveTest -->
      </class> <!-- com.itc7.kaprekar.AppTest -->
    </test> <!-- Positive -->
  </suite> <!-- OurTest -->
</testng-results>
